c:\users\sai.prg-training\desktop\final_game_test\final_game\release\vc141.pdb
c:\users\sai.prg-training\desktop\final_game_test\final_game\release\scenemanager.obj
c:\users\sai.prg-training\desktop\final_game_test\final_game\release\scene.obj
c:\users\sai.prg-training\desktop\final_game_test\final_game\release\resourcemanager.obj
c:\users\sai.prg-training\desktop\final_game_test\final_game\release\player.obj
c:\users\sai.prg-training\desktop\final_game_test\final_game\release\objectsound.obj
c:\users\sai.prg-training\desktop\final_game_test\final_game\release\objectrender.obj
c:\users\sai.prg-training\desktop\final_game_test\final_game\release\object.obj
c:\users\sai.prg-training\desktop\final_game_test\final_game\release\musiceff.obj
c:\users\sai.prg-training\desktop\final_game_test\final_game\release\menuscene.obj
c:\users\sai.prg-training\desktop\final_game_test\final_game\release\main.obj
c:\users\sai.prg-training\desktop\final_game_test\final_game\release\logo.obj
c:\users\sai.prg-training\desktop\final_game_test\final_game\release\loadingscene.obj
c:\users\sai.prg-training\desktop\final_game_test\final_game\release\gem.obj
c:\users\sai.prg-training\desktop\final_game_test\final_game\release\gameplayscene.obj
c:\users\sai.prg-training\desktop\final_game_test\final_game\release\gameoverscene.obj
c:\users\sai.prg-training\desktop\final_game_test\final_game\release\enemy.obj
c:\users\sai.prg-training\desktop\final_game_test\final_game\release\collision.obj
c:\users\sai.prg-training\desktop\final_game_test\final_game\release\cameraview.obj
c:\users\sai.prg-training\desktop\final_game_test\final_game\release\background.obj
c:\users\sai.prg-training\desktop\final_game_test\final_game\release\animation.obj
c:\users\sai.prg-training\desktop\final_game_test\release\final_game.ipdb
c:\users\sai.prg-training\desktop\final_game_test\release\final_game.iobj
c:\users\sai.prg-training\desktop\final_game_test\release\final_game.exe
c:\users\sai.prg-training\desktop\final_game_test\release\final_game.pdb
c:\users\sai.prg-training\desktop\final_game_test\final_game\release\final_game.tlog\cl.command.1.tlog
c:\users\sai.prg-training\desktop\final_game_test\final_game\release\final_game.tlog\cl.read.1.tlog
c:\users\sai.prg-training\desktop\final_game_test\final_game\release\final_game.tlog\cl.write.1.tlog
c:\users\sai.prg-training\desktop\final_game_test\final_game\release\final_game.tlog\final_game.write.1u.tlog
c:\users\sai.prg-training\desktop\final_game_test\final_game\release\final_game.tlog\link.command.1.tlog
c:\users\sai.prg-training\desktop\final_game_test\final_game\release\final_game.tlog\link.read.1.tlog
c:\users\sai.prg-training\desktop\final_game_test\final_game\release\final_game.tlog\link.write.1.tlog
