c:\users\sai.prg-training\desktop\alphajump_game\source\final_game\final_game\debug\vc141.pdb
c:\users\sai.prg-training\desktop\alphajump_game\source\final_game\final_game\debug\vc141.idb
c:\users\sai.prg-training\desktop\alphajump_game\source\final_game\final_game\debug\scenemanager.obj
c:\users\sai.prg-training\desktop\alphajump_game\source\final_game\final_game\debug\scene.obj
c:\users\sai.prg-training\desktop\alphajump_game\source\final_game\final_game\debug\resourcemanager.obj
c:\users\sai.prg-training\desktop\alphajump_game\source\final_game\final_game\debug\player.obj
c:\users\sai.prg-training\desktop\alphajump_game\source\final_game\final_game\debug\objectsound.obj
c:\users\sai.prg-training\desktop\alphajump_game\source\final_game\final_game\debug\objectrender.obj
c:\users\sai.prg-training\desktop\alphajump_game\source\final_game\final_game\debug\object.obj
c:\users\sai.prg-training\desktop\alphajump_game\source\final_game\final_game\debug\musiceff.obj
c:\users\sai.prg-training\desktop\alphajump_game\source\final_game\final_game\debug\menuscene.obj
c:\users\sai.prg-training\desktop\alphajump_game\source\final_game\final_game\debug\main.obj
c:\users\sai.prg-training\desktop\alphajump_game\source\final_game\final_game\debug\logo.obj
c:\users\sai.prg-training\desktop\alphajump_game\source\final_game\final_game\debug\loadingscene.obj
c:\users\sai.prg-training\desktop\alphajump_game\source\final_game\final_game\debug\gem.obj
c:\users\sai.prg-training\desktop\alphajump_game\source\final_game\final_game\debug\gameplayscene.obj
c:\users\sai.prg-training\desktop\alphajump_game\source\final_game\final_game\debug\gameoverscene.obj
c:\users\sai.prg-training\desktop\alphajump_game\source\final_game\final_game\debug\enemy.obj
c:\users\sai.prg-training\desktop\alphajump_game\source\final_game\final_game\debug\collision.obj
c:\users\sai.prg-training\desktop\alphajump_game\source\final_game\final_game\debug\cameraview.obj
c:\users\sai.prg-training\desktop\alphajump_game\source\final_game\final_game\debug\background.obj
c:\users\sai.prg-training\desktop\alphajump_game\source\final_game\final_game\debug\animation.obj
c:\users\sai.prg-training\desktop\alphajump_game\source\final_game\bin\final_game.exe
c:\users\sai.prg-training\desktop\alphajump_game\source\final_game\bin\final_game.ilk
c:\users\sai.prg-training\desktop\alphajump_game\source\final_game\bin\final_game.pdb
c:\users\sai.prg-training\desktop\alphajump_game\source\final_game\\bin\final_game.pdb
c:\users\sai.prg-training\desktop\alphajump_game\source\final_game\\bin\final_game.exe
c:\users\sai.prg-training\desktop\alphajump_game\source\final_game\\bin\final_game.ilk
c:\users\sai.prg-training\desktop\alphajump_game\source\final_game\final_game\debug\final_game.tlog\cl.command.1.tlog
c:\users\sai.prg-training\desktop\alphajump_game\source\final_game\final_game\debug\final_game.tlog\cl.read.1.tlog
c:\users\sai.prg-training\desktop\alphajump_game\source\final_game\final_game\debug\final_game.tlog\cl.write.1.tlog
c:\users\sai.prg-training\desktop\alphajump_game\source\final_game\final_game\debug\final_game.tlog\link.command.1.tlog
c:\users\sai.prg-training\desktop\alphajump_game\source\final_game\final_game\debug\final_game.tlog\link.read.1.tlog
c:\users\sai.prg-training\desktop\alphajump_game\source\final_game\final_game\debug\final_game.tlog\link.write.1.tlog
